<?xml version="1.0" encoding="UTF-8"?>
<testng-results ignored="0" total="1" passed="1" failed="0" skipped="0">
  <reporter-output>
  </reporter-output>
  <suite started-at="2024-12-15T10:53:20 IST" name="Suite" finished-at="2024-12-15T10:53:28 IST" duration-ms="8011">
    <groups>
    </groups>
    <test started-at="2024-12-15T10:53:20 IST" name="Test" finished-at="2024-12-15T10:53:28 IST" duration-ms="8011">
      <class name="com.orangehrm.genericscripts.basic">
        <test-method is-config="true" signature="BrowserInitialization()[pri:0, instance:com.orangehrm.genericscripts.basic@189cbd7c]" started-at="2024-12-15T10:53:20 IST" name="BrowserInitialization" finished-at="2024-12-15T10:53:20 IST" duration-ms="8" status="PASS">
          <reporter-output>
          </reporter-output>
        </test-method> <!-- BrowserInitialization -->
        <test-method is-config="true" signature="Browsersetup(java.lang.String)[pri:0, instance:com.orangehrm.genericscripts.basic@189cbd7c]" started-at="2024-12-15T10:53:20 IST" name="Browsersetup" finished-at="2024-12-15T10:53:28 IST" duration-ms="7960" status="PASS">
          <params>
            <param index="0">
              <value>
                <![CDATA[chrome]]>
              </value>
            </param>
          </params>
          <reporter-output>
          </reporter-output>
        </test-method> <!-- Browsersetup -->
        <test-method signature="Test()[pri:0, instance:com.orangehrm.genericscripts.basic@189cbd7c]" started-at="2024-12-15T10:53:28 IST" name="Test" finished-at="2024-12-15T10:53:28 IST" duration-ms="6" status="PASS">
          <reporter-output>
          </reporter-output>
        </test-method> <!-- Test -->
        <test-method is-config="true" signature="After()[pri:0, instance:com.orangehrm.genericscripts.basic@189cbd7c]" started-at="2024-12-15T10:53:28 IST" name="After" finished-at="2024-12-15T10:53:28 IST" duration-ms="1" status="PASS">
          <reporter-output>
          </reporter-output>
        </test-method> <!-- After -->
        <test-method is-config="true" signature="Afterclass()[pri:0, instance:com.orangehrm.genericscripts.basic@189cbd7c]" started-at="2024-12-15T10:53:28 IST" name="Afterclass" finished-at="2024-12-15T10:53:28 IST" duration-ms="1" status="PASS">
          <reporter-output>
          </reporter-output>
        </test-method> <!-- Afterclass -->
      </class> <!-- com.orangehrm.genericscripts.basic -->
    </test> <!-- Test -->
  </suite> <!-- Suite -->
</testng-results>
